<?xml version="1.0" encoding="UTF-8"?>
<testng-results skipped="0" failed="1" ignored="0" total="1" passed="0">
  <reporter-output>
  </reporter-output>
  <suite name="Default suite" duration-ms="16178" started-at="2022-12-12T02:23:53Z" finished-at="2022-12-12T02:24:09Z">
    <groups>
    </groups>
    <test name="Default test" duration-ms="16178" started-at="2022-12-12T02:23:53Z" finished-at="2022-12-12T02:24:09Z">
      <class name="com.sabari.page_objects.Buttons">
        <test-method status="PASS" signature="launchBrowser()[pri:0, instance:com.sabari.page_objects.Buttons@47d90b9e]" name="launchBrowser" is-config="true" duration-ms="15837" started-at="2022-12-12T02:23:53Z" finished-at="2022-12-12T02:24:09Z">
          <reporter-output>
          </reporter-output>
        </test-method> <!-- launchBrowser -->
        <test-method status="FAIL" signature="clickOnButtons()[pri:0, instance:com.sabari.page_objects.Buttons@47d90b9e]" name="clickOnButtons" duration-ms="11" started-at="2022-12-12T02:24:09Z" finished-at="2022-12-12T02:24:09Z">
          <exception class="java.lang.NullPointerException">
            <full-stacktrace>
              <![CDATA[java.lang.NullPointerException
at com.sabari.page_objects.Elements.clickOnElements(Elements.java:18)
at com.sabari.page_objects.Buttons.clickOnButtons(Buttons.java:19)
at sun.reflect.NativeMethodAccessorImpl.invoke0(Native Method)
at sun.reflect.NativeMethodAccessorImpl.invoke(NativeMethodAccessorImpl.java:62)
at sun.reflect.DelegatingMethodAccessorImpl.invoke(DelegatingMethodAccessorImpl.java:43)
at java.lang.reflect.Method.invoke(Method.java:498)
at org.testng.internal.MethodInvocationHelper.invokeMethod(MethodInvocationHelper.java:124)
at org.testng.internal.Invoker.invokeMethod(Invoker.java:583)
at org.testng.internal.Invoker.invokeTestMethod(Invoker.java:719)
at org.testng.internal.Invoker.invokeTestMethods(Invoker.java:989)
at org.testng.internal.TestMethodWorker.invokeTestMethods(TestMethodWorker.java:125)
at org.testng.internal.TestMethodWorker.run(TestMethodWorker.java:109)
at org.testng.TestRunner.privateRun(TestRunner.java:648)
at org.testng.TestRunner.run(TestRunner.java:505)
at org.testng.SuiteRunner.runTest(SuiteRunner.java:455)
at org.testng.SuiteRunner.runSequentially(SuiteRunner.java:450)
at org.testng.SuiteRunner.privateRun(SuiteRunner.java:415)
at org.testng.SuiteRunner.run(SuiteRunner.java:364)
at org.testng.SuiteRunnerWorker.runSuite(SuiteRunnerWorker.java:52)
at org.testng.SuiteRunnerWorker.run(SuiteRunnerWorker.java:84)
at org.testng.TestNG.runSuitesSequentially(TestNG.java:1208)
at org.testng.TestNG.runSuitesLocally(TestNG.java:1137)
at org.testng.TestNG.runSuites(TestNG.java:1049)
at org.testng.TestNG.run(TestNG.java:1017)
at org.testng.remote.AbstractRemoteTestNG.run(AbstractRemoteTestNG.java:115)
at org.testng.remote.RemoteTestNG.initAndRun(RemoteTestNG.java:251)
at org.testng.remote.RemoteTestNG.main(RemoteTestNG.java:77)
]]>
            </full-stacktrace>
          </exception> <!-- java.lang.NullPointerException -->
          <reporter-output>
          </reporter-output>
        </test-method> <!-- clickOnButtons -->
        <test-method status="PASS" signature="tearDown()[pri:0, instance:com.sabari.page_objects.Buttons@47d90b9e]" name="tearDown" is-config="true" duration-ms="300" started-at="2022-12-12T02:24:09Z" finished-at="2022-12-12T02:24:09Z">
          <reporter-output>
          </reporter-output>
        </test-method> <!-- tearDown -->
      </class> <!-- com.sabari.page_objects.Buttons -->
    </test> <!-- Default test -->
  </suite> <!-- Default suite -->
</testng-results>
